10000000 steps
1 threads
Ошибка: 0.0000000000000622
Среднее время выполнения: 0.0139148814 с
2 threads
Ошибка: 0.0000000000001297
Среднее время выполнения: 0.0073455130 с
4 threads
Ошибка: 0.0000000000001235
Среднее время выполнения: 0.0040497379 с
8 threads
Ошибка: 0.0000000000000107
Среднее время выполнения: 0.0033682743 с
16 threads
Ошибка: 0.0000000000000102
Среднее время выполнения: 0.0015540670 с
----------------------------------------------------
100000000 steps
1 threads
Ошибка: 0.0000000000006333
Среднее время выполнения: 0.1298581066 с
2 threads
Ошибка: 0.0000000000001168
Среднее время выполнения: 0.0603980516 с
4 threads
Ошибка: 0.0000000000001106
Среднее время выполнения: 0.0338487322 с
8 threads
Ошибка: 0.0000000000000226
Среднее время выполнения: 0.0180171464 с
16 threads
Ошибка: 0.0000000000000888
Среднее время выполнения: 0.0094424070 с
----------------------------------------------------
100000000 steps
1 threads
Ошибка: 0.0000000000006333
Среднее время выполнения: 0.1271556022 с
2 threads
Ошибка: 0.0000000000001168
Среднее время выполнения: 0.0655615781 с
4 threads
Ошибка: 0.0000000000001106
Среднее время выполнения: 0.0347529670 с
8 threads
Ошибка: 0.0000000000000218
Среднее время выполнения: 0.0179055857 с
16 threads
Ошибка: 0.0000000000000893
Среднее время выполнения: 0.0119658715 с
